#####################################################################
# CTA South
# Prod5 layout S-M6NSNS-15MSTs30SSTs-MSTF
# 0 LSTs and 15 MSTs (FlashCam type), 30 SSTs
#
# Column 1: prod5 telescope number
# Column 2: FOV (deg)
# Column 3: dynamical range (bit)
# Column 4: for non-FADC analysis: use raw or calibrated (default) sum
# Column 5: CTAO telescope name
#
#####################################################################
5    20.   12   1   M-01
6    20.   12   1   M-02
8    20.   12   1   M-04
10    20.   12   1  M-06
11    20.   12   1  M-07
12    20.   12   1  M-08
13    20.   12   1  M-09
14    20.   12   1  M-10
126    20.   12   1  M-11A
16    20.   12   1  M-12
125    20.   12   1  M-13A
20    20.   12   1  M-16
24    20.   12   1  M-20
25    20.   12   1  M-21
26    20.   12   1  M-22
34    20.   12   1  S-05
36    20.   12   1  S-07
37    20.   12   1  S-08
38    20.   12   1  S-09
39    20.   12   1  S-10
42    20.   12   1  S-13
43    20.   12   1  S-14
46    20.   12   1  S-17
47    20.   12   1  S-18
48    20.   12   1  S-19
49    20.   12   1  S-20
52    20.   12   1  S-23
53    20.   12   1  S-24
56    20.   12   1  S-27
57    20.   12   1  S-28
59    20.   12   1  S-30
136    20.   12   1  S-31A
62    20.   12   1  S-33
134    20.   12   1  S-34A
64    20.   12   1  S-35
65    20.   12   1  S-36
76    20.   12   1  S-47
77    20.   12   1  S-48
84    20.   12   1  S-55
85    20.   12   1  S-56
87    20.   12   1  S-58
90    20.   12   1  S-61
91    20.   12   1  S-62
98    20.   12   1  S-69
99    20.   12   1  S-70
