#####################################################################
# CTA South
# Prod5 layout S-M5C5g-13MSTs40SSTs-MSTF
# 0 LSTs and 13 MSTs (FlashCam type), 40 SSTs
#
# Column 1: prod5 telescope number
# Column 2: FOV (deg)
# Column 3: dynamical range (bit)
# Column 4: for non-FADC analysis: use raw or calibrated (default) sum
# Column 5: CTAO telescope name
#
#####################################################################
5    20.   12   1   M-01
6    20.   12   1   M-02
8    20.   12   1   M-04
11    20.   12   1  M-07
12    20.   12   1  M-08
126    20.   12   1  M-11A
16    20.   12   1  M-12
19    20.   12   1  M-15
20    20.   12   1  M-16
21    20.   12   1  M-17
24    20.   12   1  M-20
25    20.   12   1  M-21
26    20.   12   1  M-22
30    20.   12   1  S-01
33    20.   12   1  S-04
34    20.   12   1  S-05
35    20.   12   1  S-06
36    20.   12   1  S-07
37    20.   12   1  S-08
38    20.   12   1  S-09
39    20.   12   1  S-10
40    20.   12   1  S-11
41    20.   12   1  S-12
42    20.   12   1  S-13
43    20.   12   1  S-14
44    20.   12   1  S-15
45    20.   12   1  S-16
46    20.   12   1  S-17
47    20.   12   1  S-18
48    20.   12   1  S-19
49    20.   12   1  S-20
50    20.   12   1  S-21
51    20.   12   1  S-22
52    20.   12   1  S-23
53    20.   12   1  S-24
133    20.   12   1  S-29B
59    20.   12   1  S-30
136    20.   12   1  S-31A
61    20.   12   1  S-32
62    20.   12   1  S-33
134    20.   12   1  S-34A
66    20.   12   1  S-37
67    20.   12   1  S-38
68    20.   12   1  S-39
69    20.   12   1  S-40
70    20.   12   1  S-41
71    20.   12   1  S-42
72    20.   12   1  S-43
73    20.   12   1  S-44
143    20.   12   1  S-77
144    20.   12   1  S-78
145    20.   12   1  S-79
146    20.   12   1  S-80
