#####################################################################
# CTA South
# Prod5 layout S-M6T1b-15MSTs30SSTs-MSTF
# 0 LSTs and 15 MSTs (FlashCam type), 30 SSTs
#
# Column 1: prod5 telescope number
# Column 2: FOV (deg)
# Column 3: dynamical range (bit)
# Column 4: for non-FADC analysis: use raw or calibrated (default) sum
# Column 5: CTAO telescope name
#
#####################################################################
5    20.   12   1   M-01
6    20.   12   1   M-02
8    20.   12   1   M-04
10    20.   12   1  M-06
11    20.   12   1  M-07
12    20.   12   1  M-08
13    20.   12   1  M-09
14    20.   12   1  M-10
126    20.   12   1  M-11A
16    20.   12   1  M-12
125    20.   12   1  M-13A
20    20.   12   1  M-16
24    20.   12   1  M-20
25    20.   12   1  M-21
26    20.   12   1  M-22
36    20.   12   1  S-07
37    20.   12   1  S-08
38    20.   12   1  S-09
39    20.   12   1  S-10
40    20.   12   1  S-11
41    20.   12   1  S-12
42    20.   12   1  S-13
43    20.   12   1  S-14
44    20.   12   1  S-15
45    20.   12   1  S-16
46    20.   12   1  S-17
47    20.   12   1  S-18
48    20.   12   1  S-19
49    20.   12   1  S-20
50    20.   12   1  S-21
51    20.   12   1  S-22
52    20.   12   1  S-23
53    20.   12   1  S-24
54    20.   12   1  S-25
55    20.   12   1  S-26
56    20.   12   1  S-27
57    20.   12   1  S-28
132    20.   12   1  S-29A
59    20.   12   1  S-30
135    20.   12   1  S-45A
75    20.   12   1  S-46
76    20.   12   1  S-47
77    20.   12   1  S-48
131    20.   12   1  S-57A
87    20.   12   1  S-58
