#####################################################################
# CTA South
# Prod5 layout S-M5D1ag-13MSTs40SSTs-MSTF
# 0 LSTs and 13 MSTs (FlashCam type), 40 SSTs
#
# Column 1: prod5 telescope number
# Column 2: FOV (deg)
# Column 3: dynamical range (bit)
# Column 4: for non-FADC analysis: use raw or calibrated (default) sum
# Column 5: CTAO telescope name
#
#####################################################################
5    20.   12   1   M-01
6    20.   12   1   M-02
8    20.   12   1   M-04
11    20.   12   1  M-07
12    20.   12   1  M-08
126    20.   12   1  M-11A
16    20.   12   1  M-12
19    20.   12   1  M-15
20    20.   12   1  M-16
21    20.   12   1  M-17
24    20.   12   1  M-20
25    20.   12   1  M-21
26    20.   12   1  M-22
30    20.   12   1  S-01
33    20.   12   1  S-04
44    20.   12   1  S-15
45    20.   12   1  S-16
46    20.   12   1  S-17
47    20.   12   1  S-18
59    20.   12   1  S-30
64    20.   12   1  S-35
65    20.   12   1  S-36
87    20.   12   1  S-58
92    20.   12   1  S-63
93    20.   12   1  S-64
94    20.   12   1  S-65
95    20.   12   1  S-66
96    20.   12   1  S-67
97    20.   12   1  S-68
98    20.   12   1  S-69
99    20.   12   1  S-70
131    20.   12   1  S-57A
133    20.   12   1  S-29B
137    20.   12   1  S-71
138    20.   12   1  S-72
157    20.   12   1  S-91
158    20.   12   1  S-92
159    20.   12   1  S-93
160    20.   12   1  S-94
161    20.   12   1  S-95
162    20.   12   1  S-96
163    20.   12   1  S-97
164    20.   12   1  S-98
165    20.   12   1  S-99
166    20.   12   1  S-100
167    20.   12   1  S-101
168    20.   12   1  S-102
169    20.   12   1  S-103
172    20.   12   1  S-106
173    20.   12   1  S-107
174    20.   12   1  S-108
175    20.   12   1  S-109
176    20.   12   1  S-110
