#####################################################################
# CTA South
# Prod5 layout S-M2C1g-13MSTs30SSTs-MSTF
# 0 LSTs and 13 MSTs (FlashCam type), 30 SSTs
#
# Column 1: prod5 telescope number
# Column 2: FOV (deg)
# Column 3: dynamical range (bit)
# Column 4: for non-FADC analysis: use raw or calibrated (default) sum
# Column 5: CTAO telescope name
#
#####################################################################
5    20.   12   1   M-01
6    20.   12   1   M-02
8    20.   12   1   M-04
10    20.   12   1  M-06
11    20.   12   1  M-07
12    20.   12   1  M-08
13    20.   12   1  M-09
14    20.   12   1  M-10
126    20.   12   1  M-11A
16    20.   12   1  M-12
125    20.   12   1  M-13A
25    20.   12   1  M-21
26    20.   12   1  M-22
30    20.   12   1  S-01
33    20.   12   1  S-04
44    20.   12   1  S-15
45    20.   12   1  S-16
46    20.   12   1  S-17
47    20.   12   1  S-18
132    20.   12   1  S-29A
59    20.   12   1  S-30
137    20.   12   1  S-71
138    20.   12   1  S-72
139    20.   12   1  S-73
140    20.   12   1  S-74
141    20.   12   1  S-75
142    20.   12   1  S-76
147    20.   12   1  S-81
148    20.   12   1  S-82
149    20.   12   1  S-83
150    20.   12   1  S-84
157    20.   12   1  S-91
158    20.   12   1  S-92
159    20.   12   1  S-93
160    20.   12   1  S-94
161    20.   12   1  S-95
162    20.   12   1  S-96
163    20.   12   1  S-97
164    20.   12   1  S-98
165    20.   12   1  S-99
166    20.   12   1  S-100
167    20.   12   1  S-101
168    20.   12   1  S-102
