#####################################################################
# CTA South
# Prod5 layout S-M6C2-13MSTs40SSTs-MSTF
# 0 LSTs and 13 MSTs (FlashCam type), 40 SSTs
#
# Column 1: prod5 telescope number
# Column 2: FOV (deg)
# Column 3: dynamical range (bit)
# Column 4: for non-FADC analysis: use raw or calibrated (default) sum
# Column 5: CTAO telescope name
#
#####################################################################
5    20.   12   1   M-01
6    20.   12   1   M-02
8    20.   12   1   M-04
10    20.   12   1  M-06
11    20.   12   1  M-07
12    20.   12   1  M-08
13    20.   12   1  M-09
14    20.   12   1  M-10
126    20.   12   1  M-11A
16    20.   12   1  M-12
125    20.   12   1  M-13A
20    20.   12   1  M-16
24    20.   12   1  M-20
44    20.   12   1  S-15
45    20.   12   1  S-16
46    20.   12   1  S-17
47    20.   12   1  S-18
48    20.   12   1  S-19
49    20.   12   1  S-20
132    20.   12   1  S-29A
59    20.   12   1  S-30
135    20.   12   1  S-45A
75    20.   12   1  S-46
76    20.   12   1  S-47
77    20.   12   1  S-48
137    20.   12   1  S-71
138    20.   12   1  S-72
139    20.   12   1  S-73
140    20.   12   1  S-74
141    20.   12   1  S-75
142    20.   12   1  S-76
143    20.   12   1  S-77
144    20.   12   1  S-78
145    20.   12   1  S-79
146    20.   12   1  S-80
147    20.   12   1  S-81
148    20.   12   1  S-82
149    20.   12   1  S-83
150    20.   12   1  S-84
151    20.   12   1  S-85
152    20.   12   1  S-86
153    20.   12   1  S-87
154    20.   12   1  S-88
161    20.   12   1  S-95
162    20.   12   1  S-96
163    20.   12   1  S-97
164    20.   12   1  S-98
165    20.   12   1  S-99
166    20.   12   1  S-100
173    20.   12   1  S-107
174    20.   12   1  S-108
54    20.   12   1  S-25
176    20.   12   1  S-110
