#####################################################################
# CTA South
# Prod5 layout S-M5C1g-15MSTs40SSTs-MSTF
# 0 LSTs and 15 MSTs (FlashCam type), 40 SSTs
#
# Column 1: prod5 telescope number
# Column 2: FOV (deg)
# Column 3: dynamical range (bit)
# Column 4: for non-FADC analysis: use raw or calibrated (default) sum
# Column 5: CTAO telescope name
#
#####################################################################
5    20.   12   1   M-01
6    20.   12   1   M-02
8    20.   12   1   M-04
11    20.   12   1  M-07
12    20.   12   1  M-08
126    20.   12   1  M-11A
16    20.   12   1  M-12
19    20.   12   1  M-15
20    20.   12   1  M-16
21    20.   12   1  M-17
24    20.   12   1  M-20
25    20.   12   1  M-21
26    20.   12   1  M-22
28    20.   12   1  M-24
29    20.   12   1  M-25
30    20.   12   1  S-01
33    20.   12   1  S-04
44    20.   12   1  S-15
45    20.   12   1  S-16
46    20.   12   1  S-17
47    20.   12   1  S-18
48    20.   12   1  S-19
49    20.   12   1  S-20
132    20.   12   1  S-29A
59    20.   12   1  S-30
64    20.   12   1  S-35
65    20.   12   1  S-36
137    20.   12   1  S-71
138    20.   12   1  S-72
139    20.   12   1  S-73
140    20.   12   1  S-74
141    20.   12   1  S-75
142    20.   12   1  S-76
147    20.   12   1  S-81
148    20.   12   1  S-82
149    20.   12   1  S-83
150    20.   12   1  S-84
157    20.   12   1  S-91
158    20.   12   1  S-92
159    20.   12   1  S-93
160    20.   12   1  S-94
161    20.   12   1  S-95
162    20.   12   1  S-96
163    20.   12   1  S-97
164    20.   12   1  S-98
165    20.   12   1  S-99
166    20.   12   1  S-100
167    20.   12   1  S-101
168    20.   12   1  S-102
171    20.   12   1  S-105
172    20.   12   1  S-106
173    20.   12   1  S-107
174    20.   12   1  S-108
175    20.   12   1  S-109
176    20.   12   1  S-110
